[0.031s] Invoking command in '/home/revanth/revo/arc-piano-hand/sim/gazebo_ws/build/image_geometry': CMAKE_PREFIX_PATH=/opt/ros/foxy:${CMAKE_PREFIX_PATH} CONDA_PROMPT_MODIFIER=(base) /home/revanth/mambaforge/bin/cmake /home/revanth/revo/arc-piano-hand/sim/gazebo_ws/src/vision_opencv/image_geometry -DAMENT_CMAKE_SYMLINK_INSTALL=1 -DCMAKE_INSTALL_PREFIX=/home/revanth/revo/arc-piano-hand/sim/gazebo_ws/install/image_geometry
[0.192s] -- The C compiler identification is GNU 9.4.0
[0.304s] -- The CXX compiler identification is GNU 9.4.0
[0.339s] -- Detecting C compiler ABI info
[0.419s] -- Detecting C compiler ABI info - done
[0.431s] -- Check for working C compiler: /usr/bin/cc - skipped
[0.432s] -- Detecting C compile features
[0.432s] -- Detecting C compile features - done
[0.447s] -- Detecting CXX compiler ABI info
[0.534s] -- Detecting CXX compiler ABI info - done
[0.548s] -- Check for working CXX compiler: /usr/bin/c++ - skipped
[0.549s] -- Detecting CXX compile features
[0.549s] -- Detecting CXX compile features - done
[0.553s] -- Found ament_cmake_python: 0.9.12 (/opt/ros/foxy/share/ament_cmake_python/cmake)
[0.555s] -- Found ament_cmake_ros: 0.9.2 (/opt/ros/foxy/share/ament_cmake_ros/cmake)
[0.569s] [33mCMake Warning (dev) at /opt/ros/foxy/share/ament_cmake_core/cmake/core/python.cmake:22 (find_package):
[0.569s]   Policy CMP0148 is not set: The FindPythonInterp and FindPythonLibs modules
[0.570s]   are removed.  Run "cmake --help-policy CMP0148" for policy details.  Use
[0.570s]   the cmake_policy command to set the policy and suppress this warning.
[0.570s] 
[0.570s] Call Stack (most recent call first):
[0.570s]   /opt/ros/foxy/share/ament_cmake_core/cmake/core/all.cmake:53 (include)
[0.570s]   /opt/ros/foxy/share/ament_cmake_core/cmake/ament_cmake_core-extras.cmake:17 (include)
[0.570s]   /opt/ros/foxy/share/ament_cmake_core/cmake/ament_cmake_coreConfig.cmake:41 (include)
[0.570s]   /opt/ros/foxy/share/ament_cmake_test/cmake/ament_cmake_test-extras.cmake:39 (find_package)
[0.570s]   /opt/ros/foxy/share/ament_cmake_test/cmake/ament_cmake_testConfig.cmake:41 (include)
[0.570s]   /opt/ros/foxy/share/ament_cmake_pytest/cmake/ament_cmake_pytest-extras.cmake:17 (find_package)
[0.570s]   /opt/ros/foxy/share/ament_cmake_pytest/cmake/ament_cmake_pytestConfig.cmake:41 (include)
[0.570s]   /opt/ros/foxy/share/ament_cmake_ros/cmake/ament_cmake_ros-extras.cmake:19 (find_package)
[0.570s]   /opt/ros/foxy/share/ament_cmake_ros/cmake/ament_cmake_rosConfig.cmake:41 (include)
[0.570s]   CMakeLists.txt:5 (find_package)
[0.571s] This warning is for project developers.  Use -Wno-dev to suppress it.
[0.571s] [0m
[0.591s] -- Found PythonInterp: /home/revanth/mambaforge/bin/python3 (found suitable version "3.10.10", minimum required is "3") 
[0.592s] -- Using PYTHON_EXECUTABLE: /home/revanth/mambaforge/bin/python3
[0.836s] -- Override CMake install command with custom implementation using symlinks instead of copying resources
[1.141s] -- Found OpenCV: /usr (found version "4.2.0") found components: calib3d core highgui imgproc 
[1.143s] -- Found sensor_msgs: 2.0.5 (/opt/ros/foxy/share/sensor_msgs/cmake)
[1.170s] -- Using all available rosidl_typesupport_c: rosidl_typesupport_fastrtps_c;rosidl_typesupport_introspection_c
[1.176s] -- Found rosidl_adapter: 1.3.1 (/opt/ros/foxy/share/rosidl_adapter/cmake)
[1.258s] -- Found OpenSSL: /usr/lib/x86_64-linux-gnu/libcrypto.so (found version "1.1.1f")  
[1.290s] -- Found FastRTPS: /opt/ros/foxy/include  
[1.369s] -- Using all available rosidl_typesupport_cpp: rosidl_typesupport_fastrtps_cpp;rosidl_typesupport_introspection_cpp
[1.535s] -- Found gtest sources under '/opt/ros/foxy/src/gtest_vendor': C++ tests using 'Google Test' will be built
[1.536s] [0mCMake Deprecation Warning at /opt/ros/foxy/src/gtest_vendor/CMakeLists.txt:2 (cmake_minimum_required):
[1.536s]   Compatibility with CMake < 3.5 will be removed from a future version of
[1.536s]   CMake.
[1.536s] 
[1.536s]   Update the VERSION argument <min> value or use a ...<max> suffix to tell
[1.536s]   CMake that the project does not need compatibility with older versions.
[1.536s] 
[1.536s] [0m
[1.538s] -- Performing Test CMAKE_HAVE_LIBC_PTHREAD
[1.599s] -- Performing Test CMAKE_HAVE_LIBC_PTHREAD - Failed
[1.599s] -- Check if compiler accepts -pthread
[1.655s] -- Check if compiler accepts -pthread - yes
[1.657s] -- Found Threads: TRUE  
[1.735s] -- Configuring done (1.7s)
[1.751s] -- Generating done (0.0s)
[1.753s] -- Build files have been written to: /home/revanth/revo/arc-piano-hand/sim/gazebo_ws/build/image_geometry
