-- The C compiler identification is GNU 9.4.0
-- The CXX compiler identification is GNU 9.4.0
-- Detecting C compiler ABI info
-- Detecting C compiler ABI info - done
-- Check for working C compiler: /usr/bin/cc - skipped
-- Detecting C compile features
-- Detecting C compile features - done
-- Detecting CXX compiler ABI info
-- Detecting CXX compiler ABI info - done
-- Check for working CXX compiler: /usr/bin/c++ - skipped
-- Detecting CXX compile features
-- Detecting CXX compile features - done
-- Found ament_cmake_ros: 0.9.2 (/opt/ros/foxy/share/ament_cmake_ros/cmake)
[33mCMake Warning (dev) at /opt/ros/foxy/share/ament_cmake_core/cmake/core/python.cmake:22 (find_package):
  Policy CMP0148 is not set: The FindPythonInterp and FindPythonLibs modules
  are removed.  Run "cmake --help-policy CMP0148" for policy details.  Use
  the cmake_policy command to set the policy and suppress this warning.

Call Stack (most recent call first):
  /opt/ros/foxy/share/ament_cmake_core/cmake/core/all.cmake:53 (include)
  /opt/ros/foxy/share/ament_cmake_core/cmake/ament_cmake_core-extras.cmake:17 (include)
  /opt/ros/foxy/share/ament_cmake_core/cmake/ament_cmake_coreConfig.cmake:41 (include)
  /opt/ros/foxy/share/ament_cmake_test/cmake/ament_cmake_test-extras.cmake:39 (find_package)
  /opt/ros/foxy/share/ament_cmake_test/cmake/ament_cmake_testConfig.cmake:41 (include)
  /opt/ros/foxy/share/ament_cmake_pytest/cmake/ament_cmake_pytest-extras.cmake:17 (find_package)
  /opt/ros/foxy/share/ament_cmake_pytest/cmake/ament_cmake_pytestConfig.cmake:41 (include)
  /opt/ros/foxy/share/ament_cmake_ros/cmake/ament_cmake_ros-extras.cmake:19 (find_package)
  /opt/ros/foxy/share/ament_cmake_ros/cmake/ament_cmake_rosConfig.cmake:41 (include)
  CMakeLists.txt:4 (find_package)
This warning is for project developers.  Use -Wno-dev to suppress it.
[0m
-- Found PythonInterp: /home/revanth/mambaforge/bin/python3 (found suitable version "3.10.10", minimum required is "3") 
-- Using PYTHON_EXECUTABLE: /home/revanth/mambaforge/bin/python3
-- Override CMake install command with custom implementation using symlinks instead of copying resources
[33mCMake Warning (dev) at CMakeLists.txt:16 (find_package):
  Policy CMP0148 is not set: The FindPythonInterp and FindPythonLibs modules
  are removed.  Run "cmake --help-policy CMP0148" for policy details.  Use
  the cmake_policy command to set the policy and suppress this warning.

This warning is for project developers.  Use -Wno-dev to suppress it.
[0m
-- Found PythonLibs: /home/revanth/mambaforge/lib/libpython3.10.so (found version "3.10.10") 
-- Boost_VERSION_STRING: 1.71.0
[31mCMake Error at /usr/lib/x86_64-linux-gnu/cmake/Boost-1.71.0/BoostConfig.cmake:117 (find_package):
  Could not find a package configuration file provided by "boost_python310"
  (requested version 1.71.0) with any of the following names:

    boost_python310Config.cmake
    boost_python310-config.cmake

  Add the installation prefix of "boost_python310" to CMAKE_PREFIX_PATH or
  set "boost_python310_DIR" to a directory containing one of the above files.
  If "boost_python310" provides a separate development package or SDK, be
  sure it has been installed.
Call Stack (most recent call first):
  /usr/lib/x86_64-linux-gnu/cmake/Boost-1.71.0/BoostConfig.cmake:182 (boost_find_component)
  /home/revanth/mambaforge/lib/python3.10/site-packages/cmake/data/share/cmake-3.27/Modules/FindBoost.cmake:594 (find_package)
  CMakeLists.txt:34 (find_package)

[0m
-- Configuring incomplete, errors occurred!
